[2026-03-05 11:02:38] 88: Вход в систему - Пользователь 88
[2026-03-05 11:05:45] 88: Вход в систему - Пользователь 88
[2026-03-05 11:09:14] 88: Вход в систему - Пользователь 88
[2026-03-05 11:09:44] 88: Открытие смены - Дата: 2026-03-05
[2026-03-05 11:09:50] 88: Добавление заказа - Нал, сумма 88 ₽, чаевые 0 ₽
[2026-03-05 11:10:09] 88: Редактирование заказа - Заказ #281, новая сумма 1500 ₽
[2026-03-05 11:10:17] 88: Удаление заказа - Заказ #1, сумма 1500 ₽
[2026-03-05 11:10:28] 88: Выход - Пользователь 88
[2026-03-05 11:12:32] 88: Вход в систему - Пользователь 88
[2026-03-05 11:21:29] 88: Вход в систему - Пользователь 88
[2026-03-05 11:31:02] 88: Вход в систему - Пользователь 88
[2026-03-05 11:40:55] 88: Закрытие смены - Дата: 2026-03-05, доход: 0 ₽, прибыль: 0 ₽
[2026-03-05 13:37:32] 88: Вход в систему - Пользователь 88
[2026-03-05 13:37:57] 88: Вход в систему - Пользователь 88
[2026-03-05 13:38:06] 88: Открытие смены - Дата: 2026-03-05
[2026-03-05 13:38:10] 88: Добавление заказа - Нал, сумма 88 ₽, чаевые 0 ₽
[2026-03-05 13:38:20] 88: Закрытие смены - Дата: 2026-03-05, доход: 88 ₽, прибыль: -751 ₽
[2026-03-05 13:39:49] 88: Вход в систему - Пользователь 88
[2026-03-05 13:49:36] 88: Вход в систему - Пользователь 88
[2026-03-05 13:57:02] 88: Вход в систему - Пользователь 88
[2026-03-05 14:02:56] 88: Вход в систему - Пользователь 88
[2026-03-05 14:09:32] 88: Вход в систему - Пользователь 88
[2026-03-05 14:17:51] 88: Вход в систему - Пользователь 88
[2026-03-05 14:24:45] 88: Вход в систему - Пользователь 88
[2026-03-05 14:30:49] 88: Вход в систему - Пользователь 88
[2026-03-05 14:31:41] 88: Вход в систему - Пользователь 88
[2026-03-05 14:36:34] 88: Вход в систему - Пользователь 88
[2026-03-05 14:42:36] 88: Вход в систему - Пользователь 88
